<?xml version="1.0" encoding="UTF-8"?>
<!-- Generated by org.testng.reporters.JUnitXMLReporter -->
<testsuite hostname="michamar-VirtualBox" ignored="0" name="Test" tests="1" failures="0" timestamp="28 Jan 2018 08:29:48 GMT" time="45.986" errors="0">
  <testcase name="@BeforeTest beforeTest" time="0.0" classname="example.NewTest">
    <failure type="org.openqa.selenium.WebDriverException" message="Failed to connect to binary FirefoxBinary(/usr/bin/firefox) on port 7055; process output follows: 
	DeferredSave.webext.sc.lz4	DEBUG	Save changes
1517128144652	DeferredSave.webext.sc.lz4	DEBUG	Save changes
1517128144653	DeferredSave.webext.sc.lz4	DEBUG	Save changes
1517128144653	DeferredSave.webext.sc.lz4	DEBUG	Save changes
1517128144655	DeferredSave.webext.sc.lz4	DEBUG	Save changes
1517128144660	DeferredSave.webext.sc.lz4	DEBUG	Save changes
1517128144661	DeferredSave.webext.sc.lz4	DEBUG	Save changes
1517128144662	DeferredSave.webext.sc.lz4	DEBUG	Save changes
1517128144662	DeferredSave.webext.sc.lz4	DEBUG	Save changes
1517128144663	DeferredSave.webext.sc.lz4	DEBUG	Save changes
1517128144665	DeferredSave.webext.sc.lz4	DEBUG	Save changes
1517128144667	DeferredSave.webext.sc.lz4	DEBUG	Save changes
1517128144672	DeferredSave.webext.sc.lz4	DEBUG	Save changes
1517128144673	DeferredSave.webext.sc.lz4	DEBUG	Save changes
1517128144674	DeferredSave.webext.sc.lz4	DEBUG	Save changes
1517128144677	DeferredSave.webext.sc.lz4	DEBUG	Save changes
1517128144679	DeferredSave.webext.sc.lz4	DEBUG	Save changes
1517128144687	DeferredSave.webext.sc.lz4	DEBUG	Save changes
1517128144688	DeferredSave.webext.sc.lz4	DEBUG	Save changes
1517128144692	DeferredSave.webext.sc.lz4	DEBUG	Save changes
1517128144699	DeferredSave.webext.sc.lz4	DEBUG	Save changes
1517128144732	DeferredSave.webext.sc.lz4	DEBUG	Save changes
1517128144737	DeferredSave.extensions.json	DEBUG	Write succeeded
Extension error: Data is not ready. resource://gre/modules/JSONFile.jsm:159 :: get data@resource://gre/modules/JSONFile.jsm:159:13
_get@resource://gre/modules/ExtensionPermissions.jsm:65:9
observe@resource://gre/modules/AsyncShutdown.jsm:534:9

console.error: 
  Message: Error: Data is not ready.
  Stack:
    get data@resource://gre/modules/JSONFile.jsm:159:13
_get@resource://gre/modules/ExtensionPermissions.jsm:65:9
observe@resource://gre/modules/AsyncShutdown.jsm:534:9

1517128144747	DeferredSave.addons.json	DEBUG	Write succeeded
1517128144752	DeferredSave.webext.sc.lz4	DEBUG	Write succeeded
1517128144752	DeferredSave.webext.sc.lz4	DEBUG	Starting timer
1517128149762	DeferredSave.webext.sc.lz4	DEBUG	Starting write
1517128149786	DeferredSave.webext.sc.lz4	DEBUG	Write succeeded
WARNING: At least one completion condition is taking too long to complete. Conditions: [{&amp;quot;name&amp;quot;:&amp;quot;EnvironmentAddonBuilder&amp;quot;,&amp;quot;state&amp;quot;:&amp;quot;(none)&amp;quot;,&amp;quot;filename&amp;quot;:&amp;quot;resource://gre/modules/TelemetryEnvironment.jsm&amp;quot;,&amp;quot;lineNumber&amp;quot;:502,&amp;quot;stack&amp;quot;:[&amp;quot;resource://gre/modules/TelemetryEnvironment.jsm:init:502&amp;quot;,&amp;quot;resource://gre/modules/TelemetryEnvironment.jsm:EnvironmentCache:864&amp;quot;,&amp;quot;resource://gre/modules/TelemetryEnvironment.jsm:getGlobal:63&amp;quot;,&amp;quot;resource://gre/modules/TelemetryEnvironment.jsm:get currentEnvironment:70&amp;quot;,&amp;quot;jar:file:///usr/lib/firefox/omni.ja!/components/TelemetryStartup.js:annotateEnvironment:42&amp;quot;,&amp;quot;jar:file:///usr/lib/firefox/omni.ja!/components/TelemetryStartup.js:TelemetryStartup.prototype.observe:32&amp;quot;]}] Barrier: AddonManager: Waiting for providers to shut down.
WARNING: At least one completion condition is taking too long to complete. Conditions: [{&amp;quot;name&amp;quot;:&amp;quot;AddonManager: shutting down.&amp;quot;,&amp;quot;state&amp;quot;:[{&amp;quot;name&amp;quot;:&amp;quot;AddonManager: Waiting for providers to shut down.&amp;quot;,&amp;quot;state&amp;quot;:[{&amp;quot;name&amp;quot;:&amp;quot;EnvironmentAddonBuilder&amp;quot;,&amp;quot;state&amp;quot;:&amp;quot;(none)&amp;quot;,&amp;quot;filename&amp;quot;:&amp;quot;resource://gre/modules/TelemetryEnvironment.jsm&amp;quot;,&amp;quot;lineNumber&amp;quot;:502,&amp;quot;stack&amp;quot;:[&amp;quot;resource://gre/modules/TelemetryEnvironment.jsm:init:502&amp;quot;,&amp;quot;resource://gre/modules/TelemetryEnvironment.jsm:EnvironmentCache:864&amp;quot;,&amp;quot;resource://gre/modules/TelemetryEnvironment.jsm:getGlobal:63&amp;quot;,&amp;quot;resource://gre/modules/TelemetryEnvironment.jsm:get currentEnvironment:70&amp;quot;,&amp;quot;jar:file:///usr/lib/firefox/omni.ja!/components/TelemetryStartup.js:annotateEnvironment:42&amp;quot;,&amp;quot;jar:file:///usr/lib/firefox/omni.ja!/components/TelemetryStartup.js:TelemetryStartup.prototype.observe:32&amp;quot;]}]},{&amp;quot;name&amp;quot;:&amp;quot;AddonRepository: async shutdown&amp;quot;,&amp;quot;state&amp;quot;:&amp;quot;pending&amp;quot;}],&amp;quot;filename&amp;quot;:&amp;quot;resource://gre/modules/AddonManager.jsm&amp;quot;,&amp;quot;lineNumber&amp;quot;:898,&amp;quot;stack&amp;quot;:[&amp;quot;resource://gre/modules/AddonManager.jsm:startup:898&amp;quot;,&amp;quot;resource://gre/modules/AddonManager.jsm:startup:3090&amp;quot;,&amp;quot;jar:file:///usr/lib/firefox/omni.ja!/components/addonManager.js:observe:65&amp;quot;]}] Barrier: profile-before-change

Build info: version: &amp;apos;2.45.0&amp;apos;, revision: &amp;apos;5017cb8e7ca8e37638dc3091b2440b90a1d8686f&amp;apos;, time: &amp;apos;2015-02-27 09:10:26&amp;apos;
System info: host: &amp;apos;michamar-VirtualBox&amp;apos;, ip: &amp;apos;127.0.1.1&amp;apos;, os.name: &amp;apos;Linux&amp;apos;, os.arch: &amp;apos;amd64&amp;apos;, os.version: &amp;apos;4.4.0-53-generic&amp;apos;, java.version: &amp;apos;1.8.0_131&amp;apos;
Driver info: driver.version: FirefoxDriver">
      <![CDATA[org.openqa.selenium.WebDriverException: Failed to connect to binary FirefoxBinary(/usr/bin/firefox) on port 7055; process output follows: 
	DeferredSave.webext.sc.lz4	DEBUG	Save changes
1517128144652	DeferredSave.webext.sc.lz4	DEBUG	Save changes
1517128144653	DeferredSave.webext.sc.lz4	DEBUG	Save changes
1517128144653	DeferredSave.webext.sc.lz4	DEBUG	Save changes
1517128144655	DeferredSave.webext.sc.lz4	DEBUG	Save changes
1517128144660	DeferredSave.webext.sc.lz4	DEBUG	Save changes
1517128144661	DeferredSave.webext.sc.lz4	DEBUG	Save changes
1517128144662	DeferredSave.webext.sc.lz4	DEBUG	Save changes
1517128144662	DeferredSave.webext.sc.lz4	DEBUG	Save changes
1517128144663	DeferredSave.webext.sc.lz4	DEBUG	Save changes
1517128144665	DeferredSave.webext.sc.lz4	DEBUG	Save changes
1517128144667	DeferredSave.webext.sc.lz4	DEBUG	Save changes
1517128144672	DeferredSave.webext.sc.lz4	DEBUG	Save changes
1517128144673	DeferredSave.webext.sc.lz4	DEBUG	Save changes
1517128144674	DeferredSave.webext.sc.lz4	DEBUG	Save changes
1517128144677	DeferredSave.webext.sc.lz4	DEBUG	Save changes
1517128144679	DeferredSave.webext.sc.lz4	DEBUG	Save changes
1517128144687	DeferredSave.webext.sc.lz4	DEBUG	Save changes
1517128144688	DeferredSave.webext.sc.lz4	DEBUG	Save changes
1517128144692	DeferredSave.webext.sc.lz4	DEBUG	Save changes
1517128144699	DeferredSave.webext.sc.lz4	DEBUG	Save changes
1517128144732	DeferredSave.webext.sc.lz4	DEBUG	Save changes
1517128144737	DeferredSave.extensions.json	DEBUG	Write succeeded
Extension error: Data is not ready. resource://gre/modules/JSONFile.jsm:159 :: get data@resource://gre/modules/JSONFile.jsm:159:13
_get@resource://gre/modules/ExtensionPermissions.jsm:65:9
observe@resource://gre/modules/AsyncShutdown.jsm:534:9

console.error: 
  Message: Error: Data is not ready.
  Stack:
    get data@resource://gre/modules/JSONFile.jsm:159:13
_get@resource://gre/modules/ExtensionPermissions.jsm:65:9
observe@resource://gre/modules/AsyncShutdown.jsm:534:9

1517128144747	DeferredSave.addons.json	DEBUG	Write succeeded
1517128144752	DeferredSave.webext.sc.lz4	DEBUG	Write succeeded
1517128144752	DeferredSave.webext.sc.lz4	DEBUG	Starting timer
1517128149762	DeferredSave.webext.sc.lz4	DEBUG	Starting write
1517128149786	DeferredSave.webext.sc.lz4	DEBUG	Write succeeded
WARNING: At least one completion condition is taking too long to complete. Conditions: [{"name":"EnvironmentAddonBuilder","state":"(none)","filename":"resource://gre/modules/TelemetryEnvironment.jsm","lineNumber":502,"stack":["resource://gre/modules/TelemetryEnvironment.jsm:init:502","resource://gre/modules/TelemetryEnvironment.jsm:EnvironmentCache:864","resource://gre/modules/TelemetryEnvironment.jsm:getGlobal:63","resource://gre/modules/TelemetryEnvironment.jsm:get currentEnvironment:70","jar:file:///usr/lib/firefox/omni.ja!/components/TelemetryStartup.js:annotateEnvironment:42","jar:file:///usr/lib/firefox/omni.ja!/components/TelemetryStartup.js:TelemetryStartup.prototype.observe:32"]}] Barrier: AddonManager: Waiting for providers to shut down.
WARNING: At least one completion condition is taking too long to complete. Conditions: [{"name":"AddonManager: shutting down.","state":[{"name":"AddonManager: Waiting for providers to shut down.","state":[{"name":"EnvironmentAddonBuilder","state":"(none)","filename":"resource://gre/modules/TelemetryEnvironment.jsm","lineNumber":502,"stack":["resource://gre/modules/TelemetryEnvironment.jsm:init:502","resource://gre/modules/TelemetryEnvironment.jsm:EnvironmentCache:864","resource://gre/modules/TelemetryEnvironment.jsm:getGlobal:63","resource://gre/modules/TelemetryEnvironment.jsm:get currentEnvironment:70","jar:file:///usr/lib/firefox/omni.ja!/components/TelemetryStartup.js:annotateEnvironment:42","jar:file:///usr/lib/firefox/omni.ja!/components/TelemetryStartup.js:TelemetryStartup.prototype.observe:32"]}]},{"name":"AddonRepository: async shutdown","state":"pending"}],"filename":"resource://gre/modules/AddonManager.jsm","lineNumber":898,"stack":["resource://gre/modules/AddonManager.jsm:startup:898","resource://gre/modules/AddonManager.jsm:startup:3090","jar:file:///usr/lib/firefox/omni.ja!/components/addonManager.js:observe:65"]}] Barrier: profile-before-change

Build info: version: '2.45.0', revision: '5017cb8e7ca8e37638dc3091b2440b90a1d8686f', time: '2015-02-27 09:10:26'
System info: host: 'michamar-VirtualBox', ip: '127.0.1.1', os.name: 'Linux', os.arch: 'amd64', os.version: '4.4.0-53-generic', java.version: '1.8.0_131'
Driver info: driver.version: FirefoxDriver
	at org.openqa.selenium.firefox.internal.NewProfileExtensionConnection.start(NewProfileExtensionConnection.java:134)
	at org.openqa.selenium.firefox.FirefoxDriver.startClient(FirefoxDriver.java:246)
	at org.openqa.selenium.remote.RemoteWebDriver.<init>(RemoteWebDriver.java:114)
	at org.openqa.selenium.firefox.FirefoxDriver.<init>(FirefoxDriver.java:191)
	at org.openqa.selenium.firefox.FirefoxDriver.<init>(FirefoxDriver.java:186)
	at org.openqa.selenium.firefox.FirefoxDriver.<init>(FirefoxDriver.java:182)
	at org.openqa.selenium.firefox.FirefoxDriver.<init>(FirefoxDriver.java:95)
	at example.NewTest.beforeTest(NewTest.java:22)
Caused by: org.openqa.selenium.WebDriverException: java.lang.InterruptedException: Process timed out after waiting for 45000 ms.
Build info: version: '2.45.0', revision: '5017cb8e7ca8e37638dc3091b2440b90a1d8686f', time: '2015-02-27 09:10:26'
System info: host: 'michamar-VirtualBox', ip: '127.0.1.1', os.name: 'Linux', os.arch: 'amd64', os.version: '4.4.0-53-generic', java.version: '1.8.0_131'
Driver info: driver.version: FirefoxDriver
	at org.openqa.selenium.os.CommandLine.waitFor(CommandLine.java:131)
	at org.openqa.selenium.firefox.FirefoxBinary.waitFor(FirefoxBinary.java:222)
	at org.openqa.selenium.firefox.FirefoxBinary.clean(FirefoxBinary.java:242)
	at org.openqa.selenium.firefox.internal.NewProfileExtensionConnection.start(NewProfileExtensionConnection.java:91)
	... 30 more
Caused by: java.lang.InterruptedException: Process timed out after waiting for 45000 ms.
	at org.openqa.selenium.os.UnixProcess.waitFor(UnixProcess.java:148)
	at org.openqa.selenium.os.CommandLine.waitFor(CommandLine.java:129)
	... 33 more
... Removed 23 stack frames]]>
    </failure>
  </testcase> <!-- @BeforeTest beforeTest -->
  <testcase name="@AfterTest afterTest" time="0.0" classname="example.NewTest">
    <skipped/>
  </testcase> <!-- @AfterTest afterTest -->
  <testcase name="testEasy" time="0.01" classname="example.NewTest">
    <skipped/>
  </testcase> <!-- testEasy -->
</testsuite> <!-- Test -->
